Using pre-set license

 COMMAND LINE ARGUMENTS:
/Applications/Unity/Hub/Editor/2021.1.6f1/Unity.app/Contents/MacOS/Unity
-adb2
-batchMode
-noUpm
-name
AssetImportWorker0
-projectPath
/Users/ariellafeuchtwanger/UnityProjects/MergeGame2/BotBotLandFramework
-logFile
Logs/AssetImportWorker0.log
-srvPort
53230
Successfully changed project path to: /Users/ariellafeuchtwanger/UnityProjects/MergeGame2/BotBotLandFramework
/Users/ariellafeuchtwanger/UnityProjects/MergeGame2/BotBotLandFramework
Using Asset Import Pipeline V2.
Refreshing native plugins compatible for Editor in 241.30 ms, found 2 plugins.
Preloading 0 native plugins for Editor in 0.00 ms.
Initialize engine version: 2021.1.6f1 (c0fade0cc7e9)
[Subsystems] Discovering subsystems at path /Applications/Unity/Hub/Editor/2021.1.6f1/Unity.app/Contents/Resources/UnitySubsystems
[Subsystems] Discovering subsystems at path /Users/ariellafeuchtwanger/UnityProjects/MergeGame2/BotBotLandFramework/Assets
GfxDevice: creating device client; threaded=0; jobified=0
2022-01-12 11:02:38.233 Unity[63986:854015] Color LCD preferred device: Intel(R) Iris(TM) Graphics 550 (low power)
2022-01-12 11:02:38.233 Unity[63986:854015] Metal devices available: 1
2022-01-12 11:02:38.233 Unity[63986:854015] 0: Intel(R) Iris(TM) Graphics 550 (low power)
2022-01-12 11:02:38.234 Unity[63986:854015] Using device Intel(R) Iris(TM) Graphics 550 (low power)
Initializing Metal device caps: Intel(R) Iris(TM) Graphics 550
Initialize mono
Mono path[0] = '/Applications/Unity/Hub/Editor/2021.1.6f1/Unity.app/Contents/Managed'
Mono path[1] = '/Applications/Unity/Hub/Editor/2021.1.6f1/Unity.app/Contents/MonoBleedingEdge/lib/mono/unityjit'
Mono config path = '/Applications/Unity/Hub/Editor/2021.1.6f1/Unity.app/Contents/MonoBleedingEdge/etc'
Using monoOptions --debugger-agent=transport=dt_socket,embedding=1,server=y,suspend=n,address=127.0.0.1:56986
Begin MonoManager ReloadAssembly
Registering precompiled unity dll's ...
Register platform support module: /Applications/Unity/Hub/Editor/2021.1.6f1/Unity.app/Contents/PlaybackEngines/MacStandaloneSupport/UnityEditor.OSXStandalone.Extensions.dll
Register platform support module: /Applications/Unity/Hub/Editor/2021.1.6f1/PlaybackEngines/WindowsStandaloneSupport/UnityEditor.WindowsStandalone.Extensions.dll
Registered in 0.009741 seconds.
Native extension for WindowsStandalone target not found
Native extension for OSXStandalone target not found
Refreshing native plugins compatible for Editor in 175.26 ms, found 2 plugins.
Preloading 0 native plugins for Editor in 0.00 ms.
Mono: successfully reloaded assembly
- Completed reload, in 17.194 seconds
Platform modules already initialized, skipping
Registering precompiled user dll's ...
Registered in 0.008745 seconds.
Begin MonoManager ReloadAssembly
Native extension for WindowsStandalone target not found
Native extension for OSXStandalone target not found
Refreshing native plugins compatible for Editor in 163.23 ms, found 2 plugins.
Preloading 0 native plugins for Editor in 0.00 ms.
Mono: successfully reloaded assembly
- Completed reload, in  2.591 seconds
Platform modules already initialized, skipping
========================================================================
Worker process is ready to serve import requests
Launching external process: /Applications/Unity/Hub/Editor/2021.1.6f1/Unity.app/Contents/Tools/UnityShaderCompiler
Launched and connected shader compiler UnityShaderCompiler after 0.15 seconds
Refreshing native plugins compatible for Editor in 1.06 ms, found 2 plugins.
Preloading 0 native plugins for Editor in 0.00 ms.
Unloading 3469 Unused Serialized files (Serialized files now loaded: 0)
System memory in use before: 211.0 MB.
System memory in use after: 211.2 MB.

Unloading 37 unused Assets to reduce memory usage. Loaded Objects now: 3913.
Total: 3.558928 ms (FindLiveObjects: 0.296299 ms CreateObjectMapping: 0.201216 ms MarkObjects: 2.979409 ms  DeleteObjects: 0.080531 ms)

========================================================================
Received Import Request.
  path: Assets/Scripts
  artifactKey: Guid(59a26dbadff3541439f14d835d8f6b25) Importer(815301076,1909f56bfc062723c751e8b465ee728b)
Start importing Assets/Scripts using Guid(59a26dbadff3541439f14d835d8f6b25) Importer(815301076,1909f56bfc062723c751e8b465ee728b)  -> (artifact id: 'da399b538db1681e5fc7023aec70363a') in 0.007924 seconds 
========================================================================
Received Import Request.
  Time since last request: 3.702786 seconds.
  path: Assets/Sprites
  artifactKey: Guid(6e20898f85e7a4f81a166ce51082831a) Importer(815301076,1909f56bfc062723c751e8b465ee728b)
Start importing Assets/Sprites using Guid(6e20898f85e7a4f81a166ce51082831a) Importer(815301076,1909f56bfc062723c751e8b465ee728b)  -> (artifact id: '8d4ee9b99d15606b4a732d5a08297656') in 0.002437 seconds 
========================================================================
Received Import Request.
  Time since last request: 7.430852 seconds.
  path: Assets/UI Elements
  artifactKey: Guid(6353dfe67ea51448e98e23a2ea37c163) Importer(815301076,1909f56bfc062723c751e8b465ee728b)
Start importing Assets/UI Elements using Guid(6353dfe67ea51448e98e23a2ea37c163) Importer(815301076,1909f56bfc062723c751e8b465ee728b)  -> (artifact id: '4f5294c527c479750b4713afaa0dad6f') in 0.002035 seconds 
========================================================================
Received Import Request.
  Time since last request: 45.406055 seconds.
  path: Assets/Scripts/SettingsScript.cs
  artifactKey: Guid(745c3765f414c4ef5bc2542c0ea00c73) Importer(815301076,1909f56bfc062723c751e8b465ee728b)
Start importing Assets/Scripts/SettingsScript.cs using Guid(745c3765f414c4ef5bc2542c0ea00c73) Importer(815301076,1909f56bfc062723c751e8b465ee728b)  -> (artifact id: '92943fa8a696c02f7fb696d748773b3d') in 0.724044 seconds 
========================================================================
Received Import Request.
  Time since last request: 13.513441 seconds.
  path: Assets/Prefabs
  artifactKey: Guid(27b00b8d15c2f4579896c0d461f8ad16) Importer(815301076,1909f56bfc062723c751e8b465ee728b)
Start importing Assets/Prefabs using Guid(27b00b8d15c2f4579896c0d461f8ad16) Importer(815301076,1909f56bfc062723c751e8b465ee728b)  -> (artifact id: '01e57f65249d79dd03f519eba3bd2c9e') in 0.004133 seconds 
========================================================================
Received Prepare
Registering precompiled user dll's ...
Registered in 0.023213 seconds.
Begin MonoManager ReloadAssembly
Native extension for WindowsStandalone target not found
Native extension for OSXStandalone target not found
Refreshing native plugins compatible for Editor in 1.15 ms, found 2 plugins.
Preloading 0 native plugins for Editor in 0.00 ms.
Mono: successfully reloaded assembly
- Completed reload, in  1.983 seconds
Platform modules already initialized, skipping
Shader 'Spine/Outline/Skeleton': fallback shader 'Spine/Skeleton' not found
WARNING: Shader Unsupported: 'Spine/Outline/Skeleton' - All subshaders removed
WARNING: Shader Did you use #pragma only_renderers and omit this platform?
WARNING: Shader If subshaders removal was intentional, you may have forgotten turning Fallback off?
WARNING: Shader Unsupported: 'Spine/Outline/Skeleton' - All subshaders removed
WARNING: Shader Did you use #pragma only_renderers and omit this platform?
WARNING: Shader If subshaders removal was intentional, you may have forgotten turning Fallback off?
Shader 'Spine/Outline/Blend Modes/Skeleton PMA Screen': fallback shader 'Spine/Blend Modes/Skeleton PMA Screen' not found
WARNING: Shader Unsupported: 'Spine/Outline/Blend Modes/Skeleton PMA Screen' - All subshaders removed
WARNING: Shader Did you use #pragma only_renderers and omit this platform?
WARNING: Shader If subshaders removal was intentional, you may have forgotten turning Fallback off?
WARNING: Shader Unsupported: 'Spine/Outline/Blend Modes/Skeleton PMA Screen' - All subshaders removed
WARNING: Shader Did you use #pragma only_renderers and omit this platform?
WARNING: Shader If subshaders removal was intentional, you may have forgotten turning Fallback off?
Shader 'Spine/Outline/Skeleton Tint Black': fallback shader 'Spine/Special/Skeleton Grayscale' not found
WARNING: Shader Unsupported: 'Spine/Outline/Skeleton Tint Black' - All subshaders removed
WARNING: Shader Did you use #pragma only_renderers and omit this platform?
WARNING: Shader If subshaders removal was intentional, you may have forgotten turning Fallback off?
WARNING: Shader Unsupported: 'Spine/Outline/Skeleton Tint Black' - All subshaders removed
WARNING: Shader Did you use #pragma only_renderers and omit this platform?
WARNING: Shader If subshaders removal was intentional, you may have forgotten turning Fallback off?
Shader 'Spine/Outline/SkeletonGraphic': fallback shader 'Spine/SkeletonGraphic' not found
WARNING: Shader Unsupported: 'Spine/Outline/SkeletonGraphic' - All subshaders removed
WARNING: Shader Did you use #pragma only_renderers and omit this platform?
WARNING: Shader If subshaders removal was intentional, you may have forgotten turning Fallback off?
WARNING: Shader Unsupported: 'Spine/Outline/SkeletonGraphic' - All subshaders removed
WARNING: Shader Did you use #pragma only_renderers and omit this platform?
WARNING: Shader If subshaders removal was intentional, you may have forgotten turning Fallback off?
Shader 'Spine/Outline/Special/Skeleton Grayscale': fallback shader 'Spine/Special/Skeleton Grayscale' not found
WARNING: Shader Unsupported: 'Spine/Outline/Special/Skeleton Grayscale' - All subshaders removed
WARNING: Shader Did you use #pragma only_renderers and omit this platform?
WARNING: Shader If subshaders removal was intentional, you may have forgotten turning Fallback off?
WARNING: Shader Unsupported: 'Spine/Outline/Special/Skeleton Grayscale' - All subshaders removed
WARNING: Shader Did you use #pragma only_renderers and omit this platform?
WARNING: Shader If subshaders removal was intentional, you may have forgotten turning Fallback off?
Shader 'Spine/Outline/OutlineOnly-ZWrite': fallback shader 'Spine/Skeleton' not found
Shader 'Spine/Outline/Sprite/Vertex Lit': fallback shader 'Spine/Sprite/Vertex Lit' not found
WARNING: Shader Unsupported: 'Spine/Outline/Sprite/Vertex Lit' - All subshaders removed
WARNING: Shader Did you use #pragma only_renderers and omit this platform?
WARNING: Shader If subshaders removal was intentional, you may have forgotten turning Fallback off?
WARNING: Shader Unsupported: 'Spine/Outline/Sprite/Vertex Lit' - All subshaders removed
WARNING: Shader Did you use #pragma only_renderers and omit this platform?
WARNING: Shader If subshaders removal was intentional, you may have forgotten turning Fallback off?
Shader 'Spine/Outline/SkeletonGraphic Tint Black': fallback shader 'Spine/SkeletonGraphic Tint Black' not found
WARNING: Shader Unsupported: 'Spine/Outline/SkeletonGraphic Tint Black' - All subshaders removed
WARNING: Shader Did you use #pragma only_renderers and omit this platform?
WARNING: Shader If subshaders removal was intentional, you may have forgotten turning Fallback off?
WARNING: Shader Unsupported: 'Spine/Outline/SkeletonGraphic Tint Black' - All subshaders removed
WARNING: Shader Did you use #pragma only_renderers and omit this platform?
WARNING: Shader If subshaders removal was intentional, you may have forgotten turning Fallback off?
Shader 'Spine/Outline/Skeleton Lit ZWrite': fallback shader 'Spine/Skeleton Lit ZWrite' not found
WARNING: Shader Unsupported: 'Spine/Outline/Skeleton Lit ZWrite' - All subshaders removed
WARNING: Shader Did you use #pragma only_renderers and omit this platform?
WARNING: Shader If subshaders removal was intentional, you may have forgotten turning Fallback off?
WARNING: Shader Unsupported: 'Spine/Outline/Skeleton Lit ZWrite' - All subshaders removed
WARNING: Shader Did you use #pragma only_renderers and omit this platform?
WARNING: Shader If subshaders removal was intentional, you may have forgotten turning Fallback off?
Shader 'Spine/Outline/Skeleton Fill': fallback shader 'Spine/Skeleton Fill' not found
WARNING: Shader Unsupported: 'Spine/Outline/Skeleton Fill' - All subshaders removed
WARNING: Shader Did you use #pragma only_renderers and omit this platform?
WARNING: Shader If subshaders removal was intentional, you may have forgotten turning Fallback off?
WARNING: Shader Unsupported: 'Spine/Outline/Skeleton Fill' - All subshaders removed
WARNING: Shader Did you use #pragma only_renderers and omit this platform?
WARNING: Shader If subshaders removal was intentional, you may have forgotten turning Fallback off?
Shader 'Spine/Outline/Blend Modes/Skeleton PMA Additive': fallback shader 'Spine/Blend Modes/Skeleton PMA Additive' not found
WARNING: Shader Unsupported: 'Spine/Outline/Blend Modes/Skeleton PMA Additive' - All subshaders removed
WARNING: Shader Did you use #pragma only_renderers and omit this platform?
WARNING: Shader If subshaders removal was intentional, you may have forgotten turning Fallback off?
WARNING: Shader Unsupported: 'Spine/Outline/Blend Modes/Skeleton PMA Additive' - All subshaders removed
WARNING: Shader Did you use #pragma only_renderers and omit this platform?
WARNING: Shader If subshaders removal was intentional, you may have forgotten turning Fallback off?
Shader 'Spine/Outline/Skeleton Tint': fallback shader 'Spine/Skeleton Tint' not found
WARNING: Shader Unsupported: 'Spine/Outline/Skeleton Tint' - All subshaders removed
WARNING: Shader Did you use #pragma only_renderers and omit this platform?
WARNING: Shader If subshaders removal was intentional, you may have forgotten turning Fallback off?
WARNING: Shader Unsupported: 'Spine/Outline/Skeleton Tint' - All subshaders removed
WARNING: Shader Did you use #pragma only_renderers and omit this platform?
WARNING: Shader If subshaders removal was intentional, you may have forgotten turning Fallback off?
Refreshing native plugins compatible for Editor in 0.96 ms, found 2 plugins.
Preloading 0 native plugins for Editor in 0.00 ms.
Unloading 3642 Unused Serialized files (Serialized files now loaded: 0)
System memory in use before: 229.7 MB.
System memory in use after: 226.2 MB.

Unloading 62 unused Assets to reduce memory usage. Loaded Objects now: 4063.
Total: 7.635791 ms (FindLiveObjects: 0.414006 ms CreateObjectMapping: 0.189910 ms MarkObjects: 5.059664 ms  DeleteObjects: 1.970593 ms)

========================================================================
Received Import Request.
  Time since last request: 283.880283 seconds.
  path: Assets/Sprites/BlueBot
  artifactKey: Guid(90e6ab678941840a9a18c845871f9883) Importer(815301076,1909f56bfc062723c751e8b465ee728b)
Start importing Assets/Sprites/BlueBot using Guid(90e6ab678941840a9a18c845871f9883) Importer(815301076,1909f56bfc062723c751e8b465ee728b)  -> (artifact id: '4c929814fce277162379bab006ac546b') in 0.012071 seconds 
========================================================================
Received Import Request.
  Time since last request: 6.187636 seconds.
  path: Assets/Sprites/BowBot
  artifactKey: Guid(237c2c9090f7b4cb8ad69a5d960c67ca) Importer(815301076,1909f56bfc062723c751e8b465ee728b)
Start importing Assets/Sprites/BowBot using Guid(237c2c9090f7b4cb8ad69a5d960c67ca) Importer(815301076,1909f56bfc062723c751e8b465ee728b)  -> (artifact id: '2754145eb7a12ba6543fc6cdf3ec6667') in 0.003174 seconds 
========================================================================
Received Import Request.
  Time since last request: 5.273388 seconds.
  path: Assets/Sprites/MordyBot
  artifactKey: Guid(647a7f926af854140b29718297dbf52d) Importer(815301076,1909f56bfc062723c751e8b465ee728b)
Start importing Assets/Sprites/MordyBot using Guid(647a7f926af854140b29718297dbf52d) Importer(815301076,1909f56bfc062723c751e8b465ee728b)  -> (artifact id: '7f12fa121948438374eb3a8fd3169ceb') in 0.003475 seconds 
========================================================================
Received Import Request.
  Time since last request: 8.309342 seconds.
  path: Assets/Sprites/SwirlBot
  artifactKey: Guid(07357ddee5b744f90ad3db6276f3e162) Importer(815301076,1909f56bfc062723c751e8b465ee728b)
Start importing Assets/Sprites/SwirlBot using Guid(07357ddee5b744f90ad3db6276f3e162) Importer(815301076,1909f56bfc062723c751e8b465ee728b)  -> (artifact id: 'eb3cef73383d5672166e8e94aa5a7d42') in 0.005607 seconds 
========================================================================
Received Import Request.
  Time since last request: 13.044878 seconds.
  path: Assets/Sprites/BlueBot/Spine.png
  artifactKey: Guid(33fe0a080496a4afe8c28110409dcfa0) Importer(815301076,1909f56bfc062723c751e8b465ee728b)
Start importing Assets/Sprites/BlueBot/Spine.png using Guid(33fe0a080496a4afe8c28110409dcfa0) Importer(815301076,1909f56bfc062723c751e8b465ee728b)  -> (artifact id: '8e0ff6aea6373ae0df700144f9ec2935') in 1.685639 seconds 
========================================================================
Received Import Request.
  Time since last request: 0.000274 seconds.
  path: Assets/Sprites/BlueBot/Spine_Atlas.asset
  artifactKey: Guid(c9b60635df156482480c614f2af0ee60) Importer(815301076,1909f56bfc062723c751e8b465ee728b)
Start importing Assets/Sprites/BlueBot/Spine_Atlas.asset using Guid(c9b60635df156482480c614f2af0ee60) Importer(815301076,1909f56bfc062723c751e8b465ee728b)  -> (artifact id: '27b69579ff8fc62e80f56469520d47ad') in 1.011274 seconds 
========================================================================
Received Import Request.
  Time since last request: 0.000348 seconds.
  path: Assets/Sprites/BlueBot/Spine_Material.mat
  artifactKey: Guid(5233076ac31b5413fb4d6899e9c452a8) Importer(815301076,1909f56bfc062723c751e8b465ee728b)
Start importing Assets/Sprites/BlueBot/Spine_Material.mat using Guid(5233076ac31b5413fb4d6899e9c452a8) Importer(815301076,1909f56bfc062723c751e8b465ee728b)  -> (artifact id: 'ad51290c85760812c2efc760f3528f8f') in 0.468036 seconds 
========================================================================
Received Import Request.
  Time since last request: 0.000247 seconds.
  path: Assets/Sprites/BlueBot/Spine_SkeletonData.asset
  artifactKey: Guid(bcfc9808d46ad49dfac0030255bf43ae) Importer(815301076,1909f56bfc062723c751e8b465ee728b)
Start importing Assets/Sprites/BlueBot/Spine_SkeletonData.asset using Guid(bcfc9808d46ad49dfac0030255bf43ae) Importer(815301076,1909f56bfc062723c751e8b465ee728b)  -> (artifact id: 'a12206339fda6ff660e2cd101b6df5ed') in 0.140277 seconds 
========================================================================
Received Import Request.
  Time since last request: 19.490119 seconds.
  path: Assets/Sprites/BowBot/Spine.png
  artifactKey: Guid(5dbf540153dff44b48a1edc3e8c2ff50) Importer(815301076,1909f56bfc062723c751e8b465ee728b)
Start importing Assets/Sprites/BowBot/Spine.png using Guid(5dbf540153dff44b48a1edc3e8c2ff50) Importer(815301076,1909f56bfc062723c751e8b465ee728b)  -> (artifact id: '1cc1230f96fb8af525f9afa422236a07') in 0.022597 seconds 
========================================================================
Received Import Request.
  Time since last request: 0.000380 seconds.
  path: Assets/Sprites/BowBot/Spine_Material.mat
  artifactKey: Guid(828b61c1232b0482cb42e2a2d5018625) Importer(815301076,1909f56bfc062723c751e8b465ee728b)
Start importing Assets/Sprites/BowBot/Spine_Material.mat using Guid(828b61c1232b0482cb42e2a2d5018625) Importer(815301076,1909f56bfc062723c751e8b465ee728b)  -> (artifact id: 'eae5d9c2214859fe0ad2a4ae528bffca') in 0.039693 seconds 
========================================================================
Received Import Request.
  Time since last request: 0.000281 seconds.
  path: Assets/Sprites/BowBot/Spine_SkeletonData.asset
  artifactKey: Guid(d5c31847c7bce4c609fbe45d5eba6cef) Importer(815301076,1909f56bfc062723c751e8b465ee728b)
Start importing Assets/Sprites/BowBot/Spine_SkeletonData.asset using Guid(d5c31847c7bce4c609fbe45d5eba6cef) Importer(815301076,1909f56bfc062723c751e8b465ee728b)  -> (artifact id: '39ac903bbc1810820867546ec042ebce') in 0.008871 seconds 
========================================================================
Received Import Request.
  Time since last request: 0.000484 seconds.
  path: Assets/Sprites/BowBot/Spine_Atlas.asset
  artifactKey: Guid(4758e905c2b37435ea0aa5c940ddee60) Importer(815301076,1909f56bfc062723c751e8b465ee728b)
Start importing Assets/Sprites/BowBot/Spine_Atlas.asset using Guid(4758e905c2b37435ea0aa5c940ddee60) Importer(815301076,1909f56bfc062723c751e8b465ee728b)  -> (artifact id: '5e917b2904cfc9d0c64153acf2a947e4') in 0.006994 seconds 
========================================================================
Received Import Request.
  Time since last request: 17.784772 seconds.
  path: Assets/Sprites/BowBot/Spine 1.png
  artifactKey: Guid(45321a52bafee4e86af33560c1efe659) Importer(815301076,1909f56bfc062723c751e8b465ee728b)
Start importing Assets/Sprites/BowBot/Spine 1.png using Guid(45321a52bafee4e86af33560c1efe659) Importer(815301076,1909f56bfc062723c751e8b465ee728b)  -> (artifact id: '49577816790191b19138a25fd7b4096f') in 0.075009 seconds 
========================================================================
Received Import Request.
  Time since last request: 0.000269 seconds.
  path: Assets/Sprites/BowBot/Spine_Atlas 1.asset
  artifactKey: Guid(ce07776674b184ade8d8901c184804e3) Importer(815301076,1909f56bfc062723c751e8b465ee728b)
Start importing Assets/Sprites/BowBot/Spine_Atlas 1.asset using Guid(ce07776674b184ade8d8901c184804e3) Importer(815301076,1909f56bfc062723c751e8b465ee728b)  -> (artifact id: 'c7d5160bb905ff3da69ccc3a5657ce29') in 0.007182 seconds 
========================================================================
Received Import Request.
  Time since last request: 0.017232 seconds.
  path: Assets/Sprites/BowBot/Spine_SkeletonData 1.asset
  artifactKey: Guid(fd307cc44094c469cb5229a245c47aff) Importer(815301076,1909f56bfc062723c751e8b465ee728b)
Start importing Assets/Sprites/BowBot/Spine_SkeletonData 1.asset using Guid(fd307cc44094c469cb5229a245c47aff) Importer(815301076,1909f56bfc062723c751e8b465ee728b)  -> (artifact id: '7ffdc71eeaf70e8ec98a3768605f982b') in 0.008478 seconds 
========================================================================
Received Import Request.
  Time since last request: 12.540168 seconds.
  path: Assets/Sprites/BowBot/Spine 1.json
  artifactKey: Guid(7762a93d6f2dd48b4b0571918cc7a435) Importer(815301076,1909f56bfc062723c751e8b465ee728b)
Start importing Assets/Sprites/BowBot/Spine 1.json using Guid(7762a93d6f2dd48b4b0571918cc7a435) Importer(815301076,1909f56bfc062723c751e8b465ee728b)  -> (artifact id: '1ed47b5917e647c2a5cb8b27206f1307') in 1.724933 seconds 
========================================================================
Received Import Request.
  Time since last request: 46.352416 seconds.
  path: Assets/Sprites/MordyBot/Spine.png
  artifactKey: Guid(827a576dfb56b41158824e777f00187a) Importer(815301076,1909f56bfc062723c751e8b465ee728b)
Start importing Assets/Sprites/MordyBot/Spine.png using Guid(827a576dfb56b41158824e777f00187a) Importer(815301076,1909f56bfc062723c751e8b465ee728b)  -> (artifact id: '0ebfb9d06df792b3dbbed35ed7e4871e') in 0.044294 seconds 
========================================================================
Received Import Request.
  Time since last request: 0.000292 seconds.
  path: Assets/Sprites/MordyBot/Spine_SkeletonData.asset
  artifactKey: Guid(e984d6cef7bc04820a2f105d01d4e744) Importer(815301076,1909f56bfc062723c751e8b465ee728b)
Start importing Assets/Sprites/MordyBot/Spine_SkeletonData.asset using Guid(e984d6cef7bc04820a2f105d01d4e744) Importer(815301076,1909f56bfc062723c751e8b465ee728b)  -> (artifact id: 'eb82c9e6292cac8299952f3dabb2a14d') in 0.007103 seconds 
========================================================================
Received Import Request.
  Time since last request: 0.000288 seconds.
  path: Assets/Sprites/MordyBot/Spine_Material.mat
  artifactKey: Guid(8b22a742650ec4c5bbf24b2a5eeec2cc) Importer(815301076,1909f56bfc062723c751e8b465ee728b)
Start importing Assets/Sprites/MordyBot/Spine_Material.mat using Guid(8b22a742650ec4c5bbf24b2a5eeec2cc) Importer(815301076,1909f56bfc062723c751e8b465ee728b)  -> (artifact id: '5f030001fa17325da3b0f90962f3e491') in 0.045361 seconds 
========================================================================
Received Import Request.
  Time since last request: 0.000242 seconds.
  path: Assets/Sprites/MordyBot/Spine_Atlas.asset
  artifactKey: Guid(70af269ba5fd44fa1a18887da464e042) Importer(815301076,1909f56bfc062723c751e8b465ee728b)
Start importing Assets/Sprites/MordyBot/Spine_Atlas.asset using Guid(70af269ba5fd44fa1a18887da464e042) Importer(815301076,1909f56bfc062723c751e8b465ee728b)  -> (artifact id: '34e5039c058f05c6f6353b0b0cf4d69d') in 0.003037 seconds 
========================================================================
Received Import Request.
  Time since last request: 18.605123 seconds.
  path: Assets/Sprites/SwirlBot/Spine.png
  artifactKey: Guid(53ac9d708c58f4fb18f03b2b7e86c7ce) Importer(815301076,1909f56bfc062723c751e8b465ee728b)
Start importing Assets/Sprites/SwirlBot/Spine.png using Guid(53ac9d708c58f4fb18f03b2b7e86c7ce) Importer(815301076,1909f56bfc062723c751e8b465ee728b)  -> (artifact id: '359c9fb413feb716df4656315e21e748') in 0.022690 seconds 
========================================================================
Received Import Request.
  Time since last request: 0.000272 seconds.
  path: Assets/Sprites/SwirlBot/Spine_Material.mat
  artifactKey: Guid(99a5283ecab3a4d819559c6423ec0106) Importer(815301076,1909f56bfc062723c751e8b465ee728b)
Start importing Assets/Sprites/SwirlBot/Spine_Material.mat using Guid(99a5283ecab3a4d819559c6423ec0106) Importer(815301076,1909f56bfc062723c751e8b465ee728b)  -> (artifact id: 'a4f3efdc1352da8bf3e45e93e842cb09') in 0.024835 seconds 
========================================================================
Received Import Request.
  Time since last request: 0.000342 seconds.
  path: Assets/Sprites/SwirlBot/Spine_Atlas.asset
  artifactKey: Guid(062781ead6d6745c78f50bbc998a8cad) Importer(815301076,1909f56bfc062723c751e8b465ee728b)
Start importing Assets/Sprites/SwirlBot/Spine_Atlas.asset using Guid(062781ead6d6745c78f50bbc998a8cad) Importer(815301076,1909f56bfc062723c751e8b465ee728b)  -> (artifact id: '7fc0d7f116178a5c490ded0efe1d69e1') in 0.003967 seconds 
========================================================================
Received Import Request.
  Time since last request: 0.000288 seconds.
  path: Assets/Sprites/SwirlBot/Spine_SkeletonData.asset
  artifactKey: Guid(f15fec0fb81194cc987e5e8bdea9ebc8) Importer(815301076,1909f56bfc062723c751e8b465ee728b)
Start importing Assets/Sprites/SwirlBot/Spine_SkeletonData.asset using Guid(f15fec0fb81194cc987e5e8bdea9ebc8) Importer(815301076,1909f56bfc062723c751e8b465ee728b)  -> (artifact id: '08f724e1e11cd1e01eee75bcbcfd6fad') in 0.005271 seconds 
========================================================================
Received Import Request.
  Time since last request: 35.370869 seconds.
  path: Assets/UI Elements/Back Button.png
  artifactKey: Guid(d978e0b32861a48e7acc7b68549dbd37) Importer(815301076,1909f56bfc062723c751e8b465ee728b)
Start importing Assets/UI Elements/Back Button.png using Guid(d978e0b32861a48e7acc7b68549dbd37) Importer(815301076,1909f56bfc062723c751e8b465ee728b)  -> (artifact id: '94a3088672dd3e800325846e1dc639a8') in 0.040597 seconds 
========================================================================
Received Import Request.
  Time since last request: 0.025073 seconds.
  path: Assets/UI Elements/Home Button.png
  artifactKey: Guid(25a92f97eb5814859b6fed4335230324) Importer(815301076,1909f56bfc062723c751e8b465ee728b)
Start importing Assets/UI Elements/Home Button.png using Guid(25a92f97eb5814859b6fed4335230324) Importer(815301076,1909f56bfc062723c751e8b465ee728b)  -> (artifact id: 'f6baa4f1bb54e4379f857c20359750cf') in 0.020780 seconds 
========================================================================
Received Import Request.
  Time since last request: 0.000681 seconds.
  path: Assets/UI Elements/Story Button.png
  artifactKey: Guid(c914f9f3da9e64908b93fc18f1d24456) Importer(815301076,1909f56bfc062723c751e8b465ee728b)
Start importing Assets/UI Elements/Story Button.png using Guid(c914f9f3da9e64908b93fc18f1d24456) Importer(815301076,1909f56bfc062723c751e8b465ee728b)  -> (artifact id: 'd0498482ac70656ac8f71ccaa63925c7') in 0.022187 seconds 
========================================================================
Received Import Request.
  Time since last request: 0.000256 seconds.
  path: Assets/UI Elements/PlayAgainButton.png
  artifactKey: Guid(00d992cb4b5504ba2888dab5fdcdc3a6) Importer(815301076,1909f56bfc062723c751e8b465ee728b)
Start importing Assets/UI Elements/PlayAgainButton.png using Guid(00d992cb4b5504ba2888dab5fdcdc3a6) Importer(815301076,1909f56bfc062723c751e8b465ee728b)  -> (artifact id: '095812ee4a53435b0bc8d863f8df94a7') in 0.013216 seconds 
========================================================================
Received Import Request.
  Time since last request: 0.000323 seconds.
  path: Assets/UI Elements/Level Tracker Button.png
  artifactKey: Guid(e66b49959a0fe4c2a9eec9e521513430) Importer(815301076,1909f56bfc062723c751e8b465ee728b)
Start importing Assets/UI Elements/Level Tracker Button.png using Guid(e66b49959a0fe4c2a9eec9e521513430) Importer(815301076,1909f56bfc062723c751e8b465ee728b)  -> (artifact id: 'd355fb324c45fe0568fdc686fb4b43e2') in 0.014314 seconds 
========================================================================
Received Import Request.
  Time since last request: 0.000353 seconds.
  path: Assets/UI Elements/Modal Background.png
  artifactKey: Guid(8c4ea84772f0b474d984ac974865a5fb) Importer(815301076,1909f56bfc062723c751e8b465ee728b)
Start importing Assets/UI Elements/Modal Background.png using Guid(8c4ea84772f0b474d984ac974865a5fb) Importer(815301076,1909f56bfc062723c751e8b465ee728b)  -> (artifact id: '68f0d8522b1590723c4047d11794f272') in 0.015374 seconds 
========================================================================
Received Import Request.
  Time since last request: 0.000292 seconds.
  path: Assets/UI Elements/Close Button.png
  artifactKey: Guid(b8f8d796128bd467298a38fe92769bf2) Importer(815301076,1909f56bfc062723c751e8b465ee728b)
Start importing Assets/UI Elements/Close Button.png using Guid(b8f8d796128bd467298a38fe92769bf2) Importer(815301076,1909f56bfc062723c751e8b465ee728b)  -> (artifact id: 'cc5e21254fb1611084aa48e6e81bc27c') in 0.018040 seconds 
========================================================================
Received Import Request.
  Time since last request: 0.000346 seconds.
  path: Assets/UI Elements/Next Button.png
  artifactKey: Guid(b9232fe28c87e46f9a939a85d5acc601) Importer(815301076,1909f56bfc062723c751e8b465ee728b)
Start importing Assets/UI Elements/Next Button.png using Guid(b9232fe28c87e46f9a939a85d5acc601) Importer(815301076,1909f56bfc062723c751e8b465ee728b)  -> (artifact id: '72fb9eabbea22b671d74ee844d328e75') in 0.014838 seconds 
========================================================================
Received Import Request.
  Time since last request: 0.000261 seconds.
  path: Assets/UI Elements/SettingsButton.png
  artifactKey: Guid(8bd4eb6b781384a6fae8dd999236ff14) Importer(815301076,1909f56bfc062723c751e8b465ee728b)
Start importing Assets/UI Elements/SettingsButton.png using Guid(8bd4eb6b781384a6fae8dd999236ff14) Importer(815301076,1909f56bfc062723c751e8b465ee728b)  -> (artifact id: '0fbdca6b8443cd4a3a13c008bfc6bfe9') in 0.016556 seconds 
========================================================================
Received Import Request.
  Time since last request: 0.000470 seconds.
  path: Assets/UI Elements/Level Circle.png
  artifactKey: Guid(7a25a28eb7985416aba3b60570c43b15) Importer(815301076,1909f56bfc062723c751e8b465ee728b)
Start importing Assets/UI Elements/Level Circle.png using Guid(7a25a28eb7985416aba3b60570c43b15) Importer(815301076,1909f56bfc062723c751e8b465ee728b)  -> (artifact id: '407e73905b1aaf1801756ad8472579c5') in 0.031666 seconds 
========================================================================
Received Import Request.
  Time since last request: 0.000345 seconds.
  path: Assets/UI Elements/Level Tracker.png
  artifactKey: Guid(9120616431da74e3ba0b89d48e8dab30) Importer(815301076,1909f56bfc062723c751e8b465ee728b)
Start importing Assets/UI Elements/Level Tracker.png using Guid(9120616431da74e3ba0b89d48e8dab30) Importer(815301076,1909f56bfc062723c751e8b465ee728b)  -> (artifact id: 'e3f8b64af174fbc5ef8ba5aea607653e') in 0.021056 seconds 
========================================================================
Received Import Request.
  Time since last request: 6.632444 seconds.
  path: Assets/UI Elements/Progress Bar
  artifactKey: Guid(7bd8581257d2f4fe7a7c9dd7ae4c5922) Importer(815301076,1909f56bfc062723c751e8b465ee728b)
Start importing Assets/UI Elements/Progress Bar using Guid(7bd8581257d2f4fe7a7c9dd7ae4c5922) Importer(815301076,1909f56bfc062723c751e8b465ee728b)  -> (artifact id: 'cc6519e4738efc9b906b95fef0c8b9d8') in 0.002693 seconds 
========================================================================
Received Import Request.
  Time since last request: 14.635030 seconds.
  path: Assets/UI Elements/Progress Bar/4-Counter.png
  artifactKey: Guid(2b040419ed7594370b4a9d38cfb06d18) Importer(815301076,1909f56bfc062723c751e8b465ee728b)
Start importing Assets/UI Elements/Progress Bar/4-Counter.png using Guid(2b040419ed7594370b4a9d38cfb06d18) Importer(815301076,1909f56bfc062723c751e8b465ee728b)  -> (artifact id: '68700ceaf7234c937346721552684269') in 0.024975 seconds 
========================================================================
Received Import Request.
  Time since last request: 0.000276 seconds.
  path: Assets/UI Elements/Progress Bar/Outline.png
  artifactKey: Guid(763544b9524654bd785f341250bdc15b) Importer(815301076,1909f56bfc062723c751e8b465ee728b)
Start importing Assets/UI Elements/Progress Bar/Outline.png using Guid(763544b9524654bd785f341250bdc15b) Importer(815301076,1909f56bfc062723c751e8b465ee728b)  -> (artifact id: 'b62860c1c275fce909bd1ce41dbaf875') in 0.016978 seconds 
========================================================================
Received Import Request.
  Time since last request: 0.000254 seconds.
  path: Assets/UI Elements/Progress Bar/Middle.png
  artifactKey: Guid(4a72b68ecbbf84e9c9f438150b4f4d5f) Importer(815301076,1909f56bfc062723c751e8b465ee728b)
Start importing Assets/UI Elements/Progress Bar/Middle.png using Guid(4a72b68ecbbf84e9c9f438150b4f4d5f) Importer(815301076,1909f56bfc062723c751e8b465ee728b)  -> (artifact id: '7ca54bef12ce7c81316501c2f0176d3c') in 0.008612 seconds 
========================================================================
Received Import Request.
  Time since last request: 0.000308 seconds.
  path: Assets/UI Elements/Progress Bar/8-Counter.png
  artifactKey: Guid(197df6c8abf1944db8fe9fd1abbf1d73) Importer(815301076,1909f56bfc062723c751e8b465ee728b)
Start importing Assets/UI Elements/Progress Bar/8-Counter.png using Guid(197df6c8abf1944db8fe9fd1abbf1d73) Importer(815301076,1909f56bfc062723c751e8b465ee728b)  -> (artifact id: '8c525364e03232d8425523293fc28afb') in 0.008722 seconds 
========================================================================
Received Import Request.
  Time since last request: 0.000234 seconds.
  path: Assets/UI Elements/Progress Bar/6-Counter.png
  artifactKey: Guid(8d8169355160e4aa39eb34c6877625e3) Importer(815301076,1909f56bfc062723c751e8b465ee728b)
Start importing Assets/UI Elements/Progress Bar/6-Counter.png using Guid(8d8169355160e4aa39eb34c6877625e3) Importer(815301076,1909f56bfc062723c751e8b465ee728b)  -> (artifact id: 'fc34430c6b6c23c2f3bb02aea3467775') in 0.010958 seconds 
========================================================================
Received Import Request.
  Time since last request: 23.168520 seconds.
  path: Assets/Prefabs/Button.prefab
  artifactKey: Guid(50798152086d74111ad603dc53ad902e) Importer(815301076,1909f56bfc062723c751e8b465ee728b)
Start importing Assets/Prefabs/Button.prefab using Guid(50798152086d74111ad603dc53ad902e) Importer(815301076,1909f56bfc062723c751e8b465ee728b)  -> (artifact id: '1d76b6b38c555f0d3ea4fadec9107d47') in 0.146901 seconds 
========================================================================
Received Import Request.
  Time since last request: 0.000321 seconds.
  path: Assets/Prefabs/Popup.prefab
  artifactKey: Guid(21439ca6d66bd4552b8617a838433c76) Importer(815301076,1909f56bfc062723c751e8b465ee728b)
Start importing Assets/Prefabs/Popup.prefab using Guid(21439ca6d66bd4552b8617a838433c76) Importer(815301076,1909f56bfc062723c751e8b465ee728b)  -> (artifact id: '3936f530bf13cc02dd44e5447e7caf7a') in 0.020608 seconds 
========================================================================
Received Import Request.
  Time since last request: 0.000294 seconds.
  path: Assets/Prefabs/Particle System.prefab
  artifactKey: Guid(b7933c5e9ba364da5818eab09f198f7e) Importer(815301076,1909f56bfc062723c751e8b465ee728b)
Start importing Assets/Prefabs/Particle System.prefab using Guid(b7933c5e9ba364da5818eab09f198f7e) Importer(815301076,1909f56bfc062723c751e8b465ee728b)  -> (artifact id: '5c4d8bd5337190d59905fee716986791') in 0.018509 seconds 
========================================================================
Received Import Request.
  Time since last request: 0.000317 seconds.
  path: Assets/Prefabs/Header.prefab
  artifactKey: Guid(4dc62b825fd7f43a8a11fa0a559fe516) Importer(815301076,1909f56bfc062723c751e8b465ee728b)
Start importing Assets/Prefabs/Header.prefab using Guid(4dc62b825fd7f43a8a11fa0a559fe516) Importer(815301076,1909f56bfc062723c751e8b465ee728b)  -> (artifact id: '37cd9c1956800e75003c91c04208642f') in 0.010715 seconds 
========================================================================
Received Import Request.
  Time since last request: 0.000261 seconds.
  path: Assets/Prefabs/Home Btn.prefab
  artifactKey: Guid(a149384a4c3bf4977a2cd0ef405acc61) Importer(815301076,1909f56bfc062723c751e8b465ee728b)
Start importing Assets/Prefabs/Home Btn.prefab using Guid(a149384a4c3bf4977a2cd0ef405acc61) Importer(815301076,1909f56bfc062723c751e8b465ee728b)  -> (artifact id: '1b019ed1fca2611c01d8344d87bfa3a3') in 0.007587 seconds 
========================================================================
Received Import Request.
  Time since last request: 0.000347 seconds.
  path: Assets/Prefabs/LevelTracker.prefab
  artifactKey: Guid(8e8402d23bd5449aebc7ede7a32f931e) Importer(815301076,1909f56bfc062723c751e8b465ee728b)
Start importing Assets/Prefabs/LevelTracker.prefab using Guid(8e8402d23bd5449aebc7ede7a32f931e) Importer(815301076,1909f56bfc062723c751e8b465ee728b)  -> (artifact id: '26f2f28397be7ec63bfdcc2491311544') in 0.013115 seconds 
========================================================================
Received Import Request.
  Time since last request: 0.000565 seconds.
  path: Assets/Prefabs/Progress Bar.prefab
  artifactKey: Guid(ff289a8d3d3c5479693395c6ea60a2fc) Importer(815301076,1909f56bfc062723c751e8b465ee728b)
Start importing Assets/Prefabs/Progress Bar.prefab using Guid(ff289a8d3d3c5479693395c6ea60a2fc) Importer(815301076,1909f56bfc062723c751e8b465ee728b)  -> (artifact id: 'f3e158dd7e4598914c25d6b9cadc6aa5') in 0.007659 seconds 
========================================================================
Received Import Request.
  Time since last request: 38.546922 seconds.
  path: Assets/Editor/SpineSettings.asset
  artifactKey: Guid(2dbb637060e4a425c82a6ccdf61b04fa) Importer(815301076,1909f56bfc062723c751e8b465ee728b)
Start importing Assets/Editor/SpineSettings.asset using Guid(2dbb637060e4a425c82a6ccdf61b04fa) Importer(815301076,1909f56bfc062723c751e8b465ee728b)  -> (artifact id: '1f8b17e94fc4112a702b84837cc3fe1f') in 0.005609 seconds 
========================================================================
Received Import Request.
  Time since last request: 11.549909 seconds.
  path: Assets/Editor/Game Scene Template.scenetemplate
  artifactKey: Guid(3422cd11d95234d44be9c42d27943087) Importer(815301076,1909f56bfc062723c751e8b465ee728b)
Start importing Assets/Editor/Game Scene Template.scenetemplate using Guid(3422cd11d95234d44be9c42d27943087) Importer(815301076,1909f56bfc062723c751e8b465ee728b)  -> (artifact id: '11ac0be00f72f25e9100104f321d2f23') in 0.143396 seconds 
========================================================================
Received Prepare
Registering precompiled user dll's ...
Registered in 0.002849 seconds.
Begin MonoManager ReloadAssembly
Native extension for WindowsStandalone target not found
Native extension for OSXStandalone target not found
Refreshing native plugins compatible for Editor in 0.96 ms, found 2 plugins.
Preloading 0 native plugins for Editor in 0.00 ms.
Mono: successfully reloaded assembly
- Completed reload, in  1.510 seconds
Platform modules already initialized, skipping
Refreshing native plugins compatible for Editor in 1.09 ms, found 2 plugins.
Preloading 0 native plugins for Editor in 0.00 ms.
Unloading 3662 Unused Serialized files (Serialized files now loaded: 0)
System memory in use before: 294.3 MB.
System memory in use after: 290.7 MB.

Unloading 62 unused Assets to reduce memory usage. Loaded Objects now: 4447.
Total: 7.191124 ms (FindLiveObjects: 1.065449 ms CreateObjectMapping: 0.539550 ms MarkObjects: 3.617021 ms  DeleteObjects: 1.962311 ms)

========================================================================
Received Import Request.
  Time since last request: 43.514212 seconds.
  path: Assets/Editor/GameSceneTemplateScene.unity
  artifactKey: Guid(c1ca36f605b8c4a7a9fa4fcd3bb0a33f) Importer(815301076,1909f56bfc062723c751e8b465ee728b)
Start importing Assets/Editor/GameSceneTemplateScene.unity using Guid(c1ca36f605b8c4a7a9fa4fcd3bb0a33f) Importer(815301076,1909f56bfc062723c751e8b465ee728b)  -> (artifact id: 'e0f66268fb6ebce8751cfd920b40e30e') in 0.031360 seconds 
========================================================================
Received Import Request.
  Time since last request: 88.681982 seconds.
  path: Assets/Scenes
  artifactKey: Guid(bbbc74fad6ed1d243aee6102298f428b) Importer(815301076,1909f56bfc062723c751e8b465ee728b)
Start importing Assets/Scenes using Guid(bbbc74fad6ed1d243aee6102298f428b) Importer(815301076,1909f56bfc062723c751e8b465ee728b)  -> (artifact id: 'e2f5d9c482259fc97b3f344a61ab00ed') in 0.002512 seconds 
========================================================================
Received Import Request.
  Time since last request: 85.416883 seconds.
  path: Assets/Editor
  artifactKey: Guid(d98ad1674ee8d5040ad22d07feddcab5) Importer(815301076,1909f56bfc062723c751e8b465ee728b)
Start importing Assets/Editor using Guid(d98ad1674ee8d5040ad22d07feddcab5) Importer(815301076,1909f56bfc062723c751e8b465ee728b)  -> (artifact id: '40fef55b648584d5cae54ceb68e57337') in 0.001902 seconds 
========================================================================
Received Import Request.
  Time since last request: 12.146840 seconds.
  path: Assets/Scenes/SampleScene.unity
  artifactKey: Guid(2cda990e2423bbf4892e6590ba056729) Importer(815301076,1909f56bfc062723c751e8b465ee728b)
Start importing Assets/Scenes/SampleScene.unity using Guid(2cda990e2423bbf4892e6590ba056729) Importer(815301076,1909f56bfc062723c751e8b465ee728b)  -> (artifact id: '959bcd953351e9c5a7810ccb1b3618ea') in 0.006541 seconds 
========================================================================
Received Import Request.
  Time since last request: 8.722952 seconds.
  path: Assets/Editor/Game Scene Template.scenetemplate
  artifactKey: Guid(3422cd11d95234d44be9c42d27943087) Importer(815301076,1909f56bfc062723c751e8b465ee728b)
Start importing Assets/Editor/Game Scene Template.scenetemplate using Guid(3422cd11d95234d44be9c42d27943087) Importer(815301076,1909f56bfc062723c751e8b465ee728b)  -> (artifact id: '91ff7dcc338857d197f7f2576d2ee3b3') in 0.024194 seconds 
========================================================================
Received Import Request.
  Time since last request: 21.176072 seconds.
  path: Assets/Environment
  artifactKey: Guid(9fc67aff227034be5b8fb3f7b04e8e5f) Importer(815301076,1909f56bfc062723c751e8b465ee728b)
Start importing Assets/Environment using Guid(9fc67aff227034be5b8fb3f7b04e8e5f) Importer(815301076,1909f56bfc062723c751e8b465ee728b)  -> (artifact id: '2faa3868276b4f324cc6ce30c2a15cca') in 0.004698 seconds 
========================================================================
Received Import Request.
  Time since last request: 15.659555 seconds.
  path: Assets/Environment/Background.png
  artifactKey: Guid(85d9ccb4e119d447aa587a8b80982228) Importer(815301076,1909f56bfc062723c751e8b465ee728b)
Start importing Assets/Environment/Background.png using Guid(85d9ccb4e119d447aa587a8b80982228) Importer(815301076,1909f56bfc062723c751e8b465ee728b)  -> (artifact id: '08d7a2266dfc223c6a10c44acafc62fb') in 0.083895 seconds 
========================================================================
Received Import Request.
  Time since last request: 49.550542 seconds.
  path: Assets/Environment/Curtain.png
  artifactKey: Guid(2be75ab865f124019bc2e4ff595a4e2a) Importer(815301076,1909f56bfc062723c751e8b465ee728b)
Start importing Assets/Environment/Curtain.png using Guid(2be75ab865f124019bc2e4ff595a4e2a) Importer(815301076,1909f56bfc062723c751e8b465ee728b)  -> (artifact id: '0f4a6a338ab38e07ceead338c6303d59') in 0.038151 seconds 
========================================================================
Received Import Request.
  Time since last request: 128.729467 seconds.
  path: ProjectSettings/TagManager.asset
  artifactKey: Guid(00000000000000003000000000000000) Importer(815301076,1909f56bfc062723c751e8b465ee728b)
Start importing ProjectSettings/TagManager.asset using Guid(00000000000000003000000000000000) Importer(815301076,1909f56bfc062723c751e8b465ee728b)  -> (artifact id: 'ce6a35c3cddc746e7501c0bd0ed6d4ce') in 0.011079 seconds 
========================================================================
Received Import Request.
  Time since last request: 124.045355 seconds.
  path: Assets/Prefabs/Home Btn.prefab
  artifactKey: Guid(a149384a4c3bf4977a2cd0ef405acc61) Importer(815301076,1909f56bfc062723c751e8b465ee728b)
Start importing Assets/Prefabs/Home Btn.prefab using Guid(a149384a4c3bf4977a2cd0ef405acc61) Importer(815301076,1909f56bfc062723c751e8b465ee728b)  -> (artifact id: '6ae012eb5affd2b115c53382917f6e0c') in 0.062371 seconds 
========================================================================
Received Import Request.
  Time since last request: 96.731054 seconds.
  path: Assets/Prefabs/Home Btn.prefab
  artifactKey: Guid(a149384a4c3bf4977a2cd0ef405acc61) Importer(815301076,1909f56bfc062723c751e8b465ee728b)
Start importing Assets/Prefabs/Home Btn.prefab using Guid(a149384a4c3bf4977a2cd0ef405acc61) Importer(815301076,1909f56bfc062723c751e8b465ee728b)  -> (artifact id: '9430a7bced9c637b0cb02ad20a3d68a0') in 0.007544 seconds 
========================================================================
Received Import Request.
  Time since last request: 60.839857 seconds.
  path: Assets/Prefabs/Replay Btn.prefab
  artifactKey: Guid(e7e28601901b5421c926474d1e6ff158) Importer(815301076,1909f56bfc062723c751e8b465ee728b)
Start importing Assets/Prefabs/Replay Btn.prefab using Guid(e7e28601901b5421c926474d1e6ff158) Importer(815301076,1909f56bfc062723c751e8b465ee728b)  -> (artifact id: 'e2a15f8d529d637e659c077a5e52307b') in 0.009469 seconds 
========================================================================
Received Import Request.
  Time since last request: 278.645498 seconds.
  path: Assets/Scripts/CurtainScript.cs
  artifactKey: Guid(81504383314914d21a329b5ac830885b) Importer(815301076,1909f56bfc062723c751e8b465ee728b)
Start importing Assets/Scripts/CurtainScript.cs using Guid(81504383314914d21a329b5ac830885b) Importer(815301076,1909f56bfc062723c751e8b465ee728b)  -> (artifact id: 'beac9f629847f31174e84659526e54fd') in 0.007957 seconds 
========================================================================
Received Import Request.
  Time since last request: 175.963486 seconds.
  path: Assets/Audio
  artifactKey: Guid(0b9e916c090a94f4fb71b427fb4fc392) Importer(815301076,1909f56bfc062723c751e8b465ee728b)
Start importing Assets/Audio using Guid(0b9e916c090a94f4fb71b427fb4fc392) Importer(815301076,1909f56bfc062723c751e8b465ee728b)  -> (artifact id: '19a22ded41e9e17067128efbe671b8c3') in 0.006399 seconds 
========================================================================
Received Import Request.
  Time since last request: 5.523775 seconds.
  path: Assets/Audio/BowBot
  artifactKey: Guid(4ff22c07b058b4ef582d31a0c44a661e) Importer(815301076,1909f56bfc062723c751e8b465ee728b)
Start importing Assets/Audio/BowBot using Guid(4ff22c07b058b4ef582d31a0c44a661e) Importer(815301076,1909f56bfc062723c751e8b465ee728b)  -> (artifact id: '6dbc9dc2925d387d4efc00f24d7f92b7') in 0.008186 seconds 
========================================================================
Received Import Request.
  Time since last request: 4.804449 seconds.
  path: Assets/Audio/BlueBot
  artifactKey: Guid(bab8784357b0046758eb9e41708a7205) Importer(815301076,1909f56bfc062723c751e8b465ee728b)
Start importing Assets/Audio/BlueBot using Guid(bab8784357b0046758eb9e41708a7205) Importer(815301076,1909f56bfc062723c751e8b465ee728b)  -> (artifact id: '763227a19f6cc13409b10c572f86530a') in 0.008348 seconds 
========================================================================
Received Import Request.
  Time since last request: 5.951370 seconds.
  path: Assets/Audio/MordyBot
  artifactKey: Guid(0713166f09a52452daadbcd78a71716d) Importer(815301076,1909f56bfc062723c751e8b465ee728b)
Start importing Assets/Audio/MordyBot using Guid(0713166f09a52452daadbcd78a71716d) Importer(815301076,1909f56bfc062723c751e8b465ee728b)  -> (artifact id: 'b0c2682c9f7fe5f73f290179f132f6de') in 0.008511 seconds 
========================================================================
Received Import Request.
  Time since last request: 5.571674 seconds.
  path: Assets/Audio/SwirlBot
  artifactKey: Guid(bca47706b33344489b6d92f21b24b5da) Importer(815301076,1909f56bfc062723c751e8b465ee728b)
Start importing Assets/Audio/SwirlBot using Guid(bca47706b33344489b6d92f21b24b5da) Importer(815301076,1909f56bfc062723c751e8b465ee728b)  -> (artifact id: '349150847e84aa80a941402a2a9bcf13') in 0.007968 seconds 
========================================================================
Received Import Request.
  Time since last request: 27.931388 seconds.
  path: Assets/Audio/BlueBot/End of Game.mp3
  artifactKey: Guid(40fa72f9abee0415887eb8c4a2c675be) Importer(815301076,1909f56bfc062723c751e8b465ee728b)
Start importing Assets/Audio/BlueBot/End of Game.mp3 using Guid(40fa72f9abee0415887eb8c4a2c675be) Importer(815301076,1909f56bfc062723c751e8b465ee728b)  -> (artifact id: 'ab83074d699f6ab6801e0a15a01d0708') in 1.841023 seconds 
========================================================================
Received Import Request.
  Time since last request: 0.000288 seconds.
  path: Assets/Audio/BlueBot/Home.mp3
  artifactKey: Guid(b80465d14cb2a4923abd2b8539a3eee1) Importer(815301076,1909f56bfc062723c751e8b465ee728b)
Start importing Assets/Audio/BlueBot/Home.mp3 using Guid(b80465d14cb2a4923abd2b8539a3eee1) Importer(815301076,1909f56bfc062723c751e8b465ee728b)  -> (artifact id: 'cc20c38123a18e244107e6f107613341') in 0.016205 seconds 
========================================================================
Received Import Request.
  Time since last request: 0.001324 seconds.
  path: Assets/Audio/BlueBot/Hooray.mp3
  artifactKey: Guid(dab95d1df971d4fa1818267240cf868b) Importer(815301076,1909f56bfc062723c751e8b465ee728b)
Start importing Assets/Audio/BlueBot/Hooray.mp3 using Guid(dab95d1df971d4fa1818267240cf868b) Importer(815301076,1909f56bfc062723c751e8b465ee728b)  -> (artifact id: 'aec1e0d795d3fc67134c195fdcc3ba05') in 0.018450 seconds 
========================================================================
Received Import Request.
  Time since last request: 0.000614 seconds.
  path: Assets/Audio/BlueBot/Oops.mp3
  artifactKey: Guid(f940fe9a3837e463ba9cb7899116373e) Importer(815301076,1909f56bfc062723c751e8b465ee728b)
Start importing Assets/Audio/BlueBot/Oops.mp3 using Guid(f940fe9a3837e463ba9cb7899116373e) Importer(815301076,1909f56bfc062723c751e8b465ee728b)  -> (artifact id: '438e7a11056774c6f8d14dcdcbb14286') in 0.019305 seconds 
========================================================================
Received Import Request.
  Time since last request: 0.000400 seconds.
  path: Assets/Audio/BlueBot/Replay.mp3
  artifactKey: Guid(98d66dee5172b493d917bcb9cf966ac1) Importer(815301076,1909f56bfc062723c751e8b465ee728b)
Start importing Assets/Audio/BlueBot/Replay.mp3 using Guid(98d66dee5172b493d917bcb9cf966ac1) Importer(815301076,1909f56bfc062723c751e8b465ee728b)  -> (artifact id: '0f0ea32c4e0d4fecbc02749ef4c11de1') in 0.016514 seconds 
========================================================================
Received Import Request.
  Time since last request: 0.000564 seconds.
  path: Assets/Audio/BlueBot/Good Job.mp3
  artifactKey: Guid(c71608b5127e24c3490520e5b184bedf) Importer(815301076,1909f56bfc062723c751e8b465ee728b)
Start importing Assets/Audio/BlueBot/Good Job.mp3 using Guid(c71608b5127e24c3490520e5b184bedf) Importer(815301076,1909f56bfc062723c751e8b465ee728b)  -> (artifact id: 'dc0e7505626cef62d8b12ecce5f11746') in 0.018674 seconds 
========================================================================
Received Import Request.
  Time since last request: 19.921354 seconds.
  path: Assets/Audio/BowBot/End of Game.mp3
  artifactKey: Guid(f25f1b71391ae4a42b731eefbb75fb76) Importer(815301076,1909f56bfc062723c751e8b465ee728b)
Start importing Assets/Audio/BowBot/End of Game.mp3 using Guid(f25f1b71391ae4a42b731eefbb75fb76) Importer(815301076,1909f56bfc062723c751e8b465ee728b)  -> (artifact id: 'c8dd237542515f64359d0fca6baeaf08') in 0.018358 seconds 
========================================================================
Received Import Request.
  Time since last request: 0.000431 seconds.
  path: Assets/Audio/BowBot/Replay.mp3
  artifactKey: Guid(8720349de130a4703aaaec639d0263e1) Importer(815301076,1909f56bfc062723c751e8b465ee728b)
Start importing Assets/Audio/BowBot/Replay.mp3 using Guid(8720349de130a4703aaaec639d0263e1) Importer(815301076,1909f56bfc062723c751e8b465ee728b)  -> (artifact id: 'c838b47bcdf621fb4e0e0cddf0f96341') in 0.018009 seconds 
========================================================================
Received Import Request.
  Time since last request: 0.000319 seconds.
  path: Assets/Audio/BowBot/Good Job.mp3
  artifactKey: Guid(0a8b081a43ab2428da0dfaac2c5e92e6) Importer(815301076,1909f56bfc062723c751e8b465ee728b)
Start importing Assets/Audio/BowBot/Good Job.mp3 using Guid(0a8b081a43ab2428da0dfaac2c5e92e6) Importer(815301076,1909f56bfc062723c751e8b465ee728b)  -> (artifact id: '9ffeef5d10dce525bd7f4b76012ec913') in 0.024639 seconds 
========================================================================
Received Import Request.
  Time since last request: 0.000278 seconds.
  path: Assets/Audio/BowBot/Home.mp3
  artifactKey: Guid(5f155409642194c598e0c90d00bcbbfc) Importer(815301076,1909f56bfc062723c751e8b465ee728b)
Start importing Assets/Audio/BowBot/Home.mp3 using Guid(5f155409642194c598e0c90d00bcbbfc) Importer(815301076,1909f56bfc062723c751e8b465ee728b)  -> (artifact id: '3cf17c28d6c77b7b9dc4c0b8d7871384') in 0.019282 seconds 
========================================================================
Received Import Request.
  Time since last request: 0.000319 seconds.
  path: Assets/Audio/BowBot/Hooray.mp3
  artifactKey: Guid(d7d150f4a702f4b5d976e1a3bc22dce7) Importer(815301076,1909f56bfc062723c751e8b465ee728b)
Start importing Assets/Audio/BowBot/Hooray.mp3 using Guid(d7d150f4a702f4b5d976e1a3bc22dce7) Importer(815301076,1909f56bfc062723c751e8b465ee728b)  -> (artifact id: 'b1137f82ae285418a573c48ac457aee9') in 0.016399 seconds 
========================================================================
Received Import Request.
  Time since last request: 0.000317 seconds.
  path: Assets/Audio/BowBot/Oops.mp3
  artifactKey: Guid(fcda71bd1c6ce48919bfd62343cf2a14) Importer(815301076,1909f56bfc062723c751e8b465ee728b)
Start importing Assets/Audio/BowBot/Oops.mp3 using Guid(fcda71bd1c6ce48919bfd62343cf2a14) Importer(815301076,1909f56bfc062723c751e8b465ee728b)  -> (artifact id: 'ee85322e98e2d8ccae9620c7b169a1d2') in 0.013990 seconds 
========================================================================
Received Import Request.
  Time since last request: 15.091205 seconds.
  path: Assets/Audio/MordyBot/End of Game.mp3
  artifactKey: Guid(9f50edd7632cf4c069b20c7eb5d07612) Importer(815301076,1909f56bfc062723c751e8b465ee728b)
Start importing Assets/Audio/MordyBot/End of Game.mp3 using Guid(9f50edd7632cf4c069b20c7eb5d07612) Importer(815301076,1909f56bfc062723c751e8b465ee728b)  -> (artifact id: '1d31a91f824d83513ef8baefad549933') in 0.015068 seconds 
========================================================================
Received Import Request.
  Time since last request: 0.000452 seconds.
  path: Assets/Audio/MordyBot/Oops.mp3
  artifactKey: Guid(38a71c5b45a034879873eece349bb4a4) Importer(815301076,1909f56bfc062723c751e8b465ee728b)
Start importing Assets/Audio/MordyBot/Oops.mp3 using Guid(38a71c5b45a034879873eece349bb4a4) Importer(815301076,1909f56bfc062723c751e8b465ee728b)  -> (artifact id: 'c03cf9a69702543c53514a5e0a930cdc') in 0.016601 seconds 
========================================================================
Received Import Request.
  Time since last request: 0.000265 seconds.
  path: Assets/Audio/MordyBot/Hooray.mp3
  artifactKey: Guid(255fe13a0c86a4a3b89b2307a7de63db) Importer(815301076,1909f56bfc062723c751e8b465ee728b)
Start importing Assets/Audio/MordyBot/Hooray.mp3 using Guid(255fe13a0c86a4a3b89b2307a7de63db) Importer(815301076,1909f56bfc062723c751e8b465ee728b)  -> (artifact id: '6851cd055b6aa32e5ed87aa42aa10d52') in 0.016540 seconds 
========================================================================
Received Import Request.
  Time since last request: 0.000290 seconds.
  path: Assets/Audio/MordyBot/Home.mp3
  artifactKey: Guid(63f5f55945ba14c668cb970b70a5eee5) Importer(815301076,1909f56bfc062723c751e8b465ee728b)
Start importing Assets/Audio/MordyBot/Home.mp3 using Guid(63f5f55945ba14c668cb970b70a5eee5) Importer(815301076,1909f56bfc062723c751e8b465ee728b)  -> (artifact id: 'dc7f55122e0a80c37a7fa4816ba7cc19') in 0.010331 seconds 
========================================================================
Received Import Request.
  Time since last request: 0.001825 seconds.
  path: Assets/Audio/MordyBot/Replay.mp3
  artifactKey: Guid(1855d8d5905414c3e81d1dcf618cfe47) Importer(815301076,1909f56bfc062723c751e8b465ee728b)
Start importing Assets/Audio/MordyBot/Replay.mp3 using Guid(1855d8d5905414c3e81d1dcf618cfe47) Importer(815301076,1909f56bfc062723c751e8b465ee728b)  -> (artifact id: '52b910a04abdafa7d426e6e653cfa228') in 0.025258 seconds 
========================================================================
Received Import Request.
  Time since last request: 0.000280 seconds.
  path: Assets/Audio/MordyBot/Good Job.mp3
  artifactKey: Guid(90b9841f1be124ec08b3c4525175c941) Importer(815301076,1909f56bfc062723c751e8b465ee728b)
Start importing Assets/Audio/MordyBot/Good Job.mp3 using Guid(90b9841f1be124ec08b3c4525175c941) Importer(815301076,1909f56bfc062723c751e8b465ee728b)  -> (artifact id: 'bdeb34e5e7b1f7a248119d1724179818') in 0.012154 seconds 
========================================================================
Received Import Request.
  Time since last request: 16.730392 seconds.
  path: Assets/Audio/SwirlBot/End of Game.mp3
  artifactKey: Guid(551166f5e1de0480d9cf20e20380245a) Importer(815301076,1909f56bfc062723c751e8b465ee728b)
Start importing Assets/Audio/SwirlBot/End of Game.mp3 using Guid(551166f5e1de0480d9cf20e20380245a) Importer(815301076,1909f56bfc062723c751e8b465ee728b)  -> (artifact id: '83d0aa23822f30a843af76b7ecdc8a4d') in 0.017500 seconds 
========================================================================
Received Import Request.
  Time since last request: 0.000699 seconds.
  path: Assets/Audio/SwirlBot/Replay.mp3
  artifactKey: Guid(996c665008042479090829a084e02630) Importer(815301076,1909f56bfc062723c751e8b465ee728b)
Start importing Assets/Audio/SwirlBot/Replay.mp3 using Guid(996c665008042479090829a084e02630) Importer(815301076,1909f56bfc062723c751e8b465ee728b)  -> (artifact id: '1e55a0ce7f2f4272e72a8a3fd66fe78f') in 0.015575 seconds 
========================================================================
Received Import Request.
  Time since last request: 0.000715 seconds.
  path: Assets/Audio/SwirlBot/Home.mp3
  artifactKey: Guid(3166d85dbba2647c29eb5e1163121ce4) Importer(815301076,1909f56bfc062723c751e8b465ee728b)
Start importing Assets/Audio/SwirlBot/Home.mp3 using Guid(3166d85dbba2647c29eb5e1163121ce4) Importer(815301076,1909f56bfc062723c751e8b465ee728b)  -> (artifact id: '449fe75ee03b3e9f9a70da43eef1a0b1') in 0.015954 seconds 
========================================================================
Received Import Request.
  Time since last request: 0.000379 seconds.
  path: Assets/Audio/SwirlBot/Oops.mp3
  artifactKey: Guid(2b0d4804b2d2047cd9d0b2db6cc9d58e) Importer(815301076,1909f56bfc062723c751e8b465ee728b)
Start importing Assets/Audio/SwirlBot/Oops.mp3 using Guid(2b0d4804b2d2047cd9d0b2db6cc9d58e) Importer(815301076,1909f56bfc062723c751e8b465ee728b)  -> (artifact id: 'c2e8073553c47b5106251fc759f96525') in 0.021335 seconds 
========================================================================
Received Import Request.
  Time since last request: 0.000303 seconds.
  path: Assets/Audio/SwirlBot/Good job.mp3
  artifactKey: Guid(27a7b16109c3342eebf05259f3e200d8) Importer(815301076,1909f56bfc062723c751e8b465ee728b)
Start importing Assets/Audio/SwirlBot/Good job.mp3 using Guid(27a7b16109c3342eebf05259f3e200d8) Importer(815301076,1909f56bfc062723c751e8b465ee728b)  -> (artifact id: '9fa0c79b1ce9e2d85018515fe15aff1b') in 0.011887 seconds 
========================================================================
Received Import Request.
  Time since last request: 0.000330 seconds.
  path: Assets/Audio/SwirlBot/Hooray.mp3
  artifactKey: Guid(af5c7bb8233214b259e6d0266d6d9098) Importer(815301076,1909f56bfc062723c751e8b465ee728b)
Start importing Assets/Audio/SwirlBot/Hooray.mp3 using Guid(af5c7bb8233214b259e6d0266d6d9098) Importer(815301076,1909f56bfc062723c751e8b465ee728b)  -> (artifact id: '6e78b66a1bb61bd9bad7f34edc1f5811') in 0.016720 seconds 
========================================================================
Received Import Request.
  Time since last request: 125.338808 seconds.
  path: Assets/Prefabs/RobotPrefabs
  artifactKey: Guid(2cafab93ed6e84ae5932b387a5635c63) Importer(815301076,1909f56bfc062723c751e8b465ee728b)
Start importing Assets/Prefabs/RobotPrefabs using Guid(2cafab93ed6e84ae5932b387a5635c63) Importer(815301076,1909f56bfc062723c751e8b465ee728b)  -> (artifact id: '7e2edc419a2ddb3b0565a8168bc355cf') in 0.004588 seconds 
========================================================================
Received Import Request.
  Time since last request: 14.582091 seconds.
  path: Assets/Prefabs/RobotPrefabs/BowBotRobot.prefab
  artifactKey: Guid(90211715bfe2145229b3ea275f27da89) Importer(815301076,1909f56bfc062723c751e8b465ee728b)
Start importing Assets/Prefabs/RobotPrefabs/BowBotRobot.prefab using Guid(90211715bfe2145229b3ea275f27da89) Importer(815301076,1909f56bfc062723c751e8b465ee728b)  -> (artifact id: 'adbc91e6bf90b6170d71545eba444627') in 0.021740 seconds 
========================================================================
Received Import Request.
  Time since last request: 2.255235 seconds.
  path: Assets/Prefabs/RobotPrefabs/BlueBotRobot.prefab
  artifactKey: Guid(75f78bce62d45424598dd07d127dd772) Importer(815301076,1909f56bfc062723c751e8b465ee728b)
Start importing Assets/Prefabs/RobotPrefabs/BlueBotRobot.prefab using Guid(75f78bce62d45424598dd07d127dd772) Importer(815301076,1909f56bfc062723c751e8b465ee728b)  -> (artifact id: '622d75fca7630da1f3ba0f4d06bc67a0') in 0.014566 seconds 
========================================================================
Received Import Request.
  Time since last request: 2.309001 seconds.
  path: Assets/Prefabs/RobotPrefabs/MordyBotRobot.prefab
  artifactKey: Guid(eae2138b68c0548a9969d6dba38445c7) Importer(815301076,1909f56bfc062723c751e8b465ee728b)
Start importing Assets/Prefabs/RobotPrefabs/MordyBotRobot.prefab using Guid(eae2138b68c0548a9969d6dba38445c7) Importer(815301076,1909f56bfc062723c751e8b465ee728b)  -> (artifact id: 'fa2f3de76fc8c137a33f7a1f95cfd7da') in 0.013500 seconds 
========================================================================
Received Import Request.
  Time since last request: 2.383774 seconds.
  path: Assets/Prefabs/RobotPrefabs/SwirlBotRobot.prefab
  artifactKey: Guid(d0373dfff24d24dc2b69588fdfb4713d) Importer(815301076,1909f56bfc062723c751e8b465ee728b)
Start importing Assets/Prefabs/RobotPrefabs/SwirlBotRobot.prefab using Guid(d0373dfff24d24dc2b69588fdfb4713d) Importer(815301076,1909f56bfc062723c751e8b465ee728b)  -> (artifact id: '0337bf6c869dc04839b7d524cc768a45') in 0.013488 seconds 
========================================================================
Received Import Request.
  Time since last request: 96.464969 seconds.
  path: Assets/Scripts/CurtainScript.cs
  artifactKey: Guid(81504383314914d21a329b5ac830885b) Importer(815301076,1909f56bfc062723c751e8b465ee728b)
Start importing Assets/Scripts/CurtainScript.cs using Guid(81504383314914d21a329b5ac830885b) Importer(815301076,1909f56bfc062723c751e8b465ee728b)  -> (artifact id: 'a4b4e5cc3174010c0b44b8290361f74f') in 0.012622 seconds 
========================================================================
Received Prepare
Registering precompiled user dll's ...
Registered in 0.003468 seconds.
Begin MonoManager ReloadAssembly
Native extension for WindowsStandalone target not found
Native extension for OSXStandalone target not found
Refreshing native plugins compatible for Editor in 1.00 ms, found 2 plugins.
Preloading 0 native plugins for Editor in 0.00 ms.
Mono: successfully reloaded assembly
- Completed reload, in  2.070 seconds
Platform modules already initialized, skipping
Refreshing native plugins compatible for Editor in 0.88 ms, found 2 plugins.
Preloading 0 native plugins for Editor in 0.00 ms.
Unloading 3643 Unused Serialized files (Serialized files now loaded: 0)
System memory in use before: 310.4 MB.
System memory in use after: 306.8 MB.

Unloading 62 unused Assets to reduce memory usage. Loaded Objects now: 4486.
Total: 5.805568 ms (FindLiveObjects: 0.514620 ms CreateObjectMapping: 0.310408 ms MarkObjects: 2.847625 ms  DeleteObjects: 2.130713 ms)

========================================================================
Received Import Request.
  Time since last request: 116.103391 seconds.
  path: Assets/Scripts/CurtainScript.cs
  artifactKey: Guid(81504383314914d21a329b5ac830885b) Importer(815301076,1909f56bfc062723c751e8b465ee728b)
Start importing Assets/Scripts/CurtainScript.cs using Guid(81504383314914d21a329b5ac830885b) Importer(815301076,1909f56bfc062723c751e8b465ee728b)  -> (artifact id: '9e0b7d939b74412ee3deded522f239ba') in 0.008703 seconds 
========================================================================
Received Import Request.
  Time since last request: 1153.778202 seconds.
  path: Assets
  artifactKey: Guid(00000000000000001000000000000000) Importer(815301076,1909f56bfc062723c751e8b465ee728b)
Start importing Assets using Guid(00000000000000001000000000000000) Importer(815301076,1909f56bfc062723c751e8b465ee728b)  -> (artifact id: '42d402b061de3733987d63b9cc3b64de') in 0.025635 seconds 
========================================================================
Received Import Request.
  Time since last request: 10.658197 seconds.
  path: Assets/Scenes/SettingsScene.unity
  artifactKey: Guid(8c661015ef375436eacc7b4b769372f2) Importer(815301076,1909f56bfc062723c751e8b465ee728b)
Start importing Assets/Scenes/SettingsScene.unity using Guid(8c661015ef375436eacc7b4b769372f2) Importer(815301076,1909f56bfc062723c751e8b465ee728b)  -> (artifact id: 'b0819698bb68de9ef5cf0ad804f90fde') in 0.325316 seconds 
========================================================================
Received Prepare
Registering precompiled user dll's ...
Registered in 0.003254 seconds.
Begin MonoManager ReloadAssembly
Native extension for WindowsStandalone target not found
Native extension for OSXStandalone target not found
Refreshing native plugins compatible for Editor in 0.88 ms, found 2 plugins.
Preloading 0 native plugins for Editor in 0.00 ms.
Mono: successfully reloaded assembly
- Completed reload, in  2.385 seconds
Platform modules already initialized, skipping
Refreshing native plugins compatible for Editor in 0.88 ms, found 2 plugins.
Preloading 0 native plugins for Editor in 0.00 ms.
Unloading 3641 Unused Serialized files (Serialized files now loaded: 0)
System memory in use before: 310.6 MB.
System memory in use after: 307.0 MB.

Unloading 61 unused Assets to reduce memory usage. Loaded Objects now: 4490.
Total: 5.738654 ms (FindLiveObjects: 0.423326 ms CreateObjectMapping: 0.263737 ms MarkObjects: 2.811665 ms  DeleteObjects: 2.238621 ms)

========================================================================
Received Import Request.
  Time since last request: 654.239122 seconds.
  path: Assets/Font/FredokaOne-Regular.ttf
  artifactKey: Guid(0cdc52619b8e343dabca5325e51bc9a9) Importer(815301076,1909f56bfc062723c751e8b465ee728b)
Start importing Assets/Font/FredokaOne-Regular.ttf using Guid(0cdc52619b8e343dabca5325e51bc9a9) Importer(815301076,1909f56bfc062723c751e8b465ee728b)  -> (artifact id: '59ab4d816b8b7d72d9a8b758177fb6fd') in 3.465086 seconds 
========================================================================
Received Import Request.
  Time since last request: 47065.922075 seconds.
  path: Assets/UI Elements/Jar.png
  artifactKey: Guid(0208eaf2cdf99477582e41d04683fcdc) Importer(815301076,1909f56bfc062723c751e8b465ee728b)
Start importing Assets/UI Elements/Jar.png using Guid(0208eaf2cdf99477582e41d04683fcdc) Importer(815301076,1909f56bfc062723c751e8b465ee728b)  -> (artifact id: '6be7c53f01a7da17a27bbc8ff11a86fd') in 0.766757 seconds 
========================================================================
Received Import Request.
  Time since last request: 149.735239 seconds.
  path: Assets/UI Elements/Purple Dreidel.png
  artifactKey: Guid(cd5c4269a0ece4d19826fcdbdfd821e8) Importer(815301076,1909f56bfc062723c751e8b465ee728b)
Start importing Assets/UI Elements/Purple Dreidel.png using Guid(cd5c4269a0ece4d19826fcdbdfd821e8) Importer(815301076,1909f56bfc062723c751e8b465ee728b)  -> (artifact id: '28f666a418cf12f475a7ac45f4b1919a') in 0.096721 seconds 
========================================================================
Received Prepare
Registering precompiled user dll's ...
Registered in 0.020708 seconds.
Begin MonoManager ReloadAssembly
Native extension for WindowsStandalone target not found
Native extension for OSXStandalone target not found
Refreshing native plugins compatible for Editor in 1.78 ms, found 2 plugins.
Preloading 0 native plugins for Editor in 0.00 ms.
Mono: successfully reloaded assembly
- Completed reload, in  2.775 seconds
Platform modules already initialized, skipping
Refreshing native plugins compatible for Editor in 1.22 ms, found 2 plugins.
Preloading 0 native plugins for Editor in 0.00 ms.
Unloading 3644 Unused Serialized files (Serialized files now loaded: 0)
System memory in use before: 317.9 MB.
System memory in use after: 314.3 MB.

Unloading 61 unused Assets to reduce memory usage. Loaded Objects now: 4546.
Total: 6.630432 ms (FindLiveObjects: 0.495679 ms CreateObjectMapping: 0.402730 ms MarkObjects: 3.399605 ms  DeleteObjects: 2.330505 ms)

========================================================================
Received Prepare
Registering precompiled user dll's ...
Registered in 0.009521 seconds.
Begin MonoManager ReloadAssembly
Native extension for WindowsStandalone target not found
Native extension for OSXStandalone target not found
Refreshing native plugins compatible for Editor in 1.03 ms, found 2 plugins.
Preloading 0 native plugins for Editor in 0.00 ms.
Mono: successfully reloaded assembly
- Completed reload, in  1.967 seconds
Platform modules already initialized, skipping
Refreshing native plugins compatible for Editor in 1.31 ms, found 2 plugins.
Preloading 0 native plugins for Editor in 0.00 ms.
Unloading 3641 Unused Serialized files (Serialized files now loaded: 0)
System memory in use before: 317.9 MB.
System memory in use after: 314.4 MB.

Unloading 61 unused Assets to reduce memory usage. Loaded Objects now: 4550.
Total: 5.680812 ms (FindLiveObjects: 0.410552 ms CreateObjectMapping: 0.218043 ms MarkObjects: 2.760643 ms  DeleteObjects: 2.290320 ms)

========================================================================
Received Prepare
Registering precompiled user dll's ...
Registered in 0.009413 seconds.
Begin MonoManager ReloadAssembly
Native extension for WindowsStandalone target not found
Native extension for OSXStandalone target not found
Refreshing native plugins compatible for Editor in 1.05 ms, found 2 plugins.
Preloading 0 native plugins for Editor in 0.00 ms.
Mono: successfully reloaded assembly
- Completed reload, in  2.408 seconds
Platform modules already initialized, skipping
Refreshing native plugins compatible for Editor in 1.15 ms, found 2 plugins.
Preloading 0 native plugins for Editor in 0.00 ms.
Unloading 3641 Unused Serialized files (Serialized files now loaded: 0)
System memory in use before: 318.1 MB.
System memory in use after: 314.6 MB.

Unloading 61 unused Assets to reduce memory usage. Loaded Objects now: 4554.
Total: 5.825277 ms (FindLiveObjects: 0.421301 ms CreateObjectMapping: 0.246220 ms MarkObjects: 2.994389 ms  DeleteObjects: 2.162070 ms)

========================================================================
Received Prepare
Registering precompiled user dll's ...
Registered in 0.002220 seconds.
Begin MonoManager ReloadAssembly
Native extension for WindowsStandalone target not found
Native extension for OSXStandalone target not found
Refreshing native plugins compatible for Editor in 1.10 ms, found 2 plugins.
Preloading 0 native plugins for Editor in 0.00 ms.
Mono: successfully reloaded assembly
- Completed reload, in  2.121 seconds
Platform modules already initialized, skipping
Refreshing native plugins compatible for Editor in 0.95 ms, found 2 plugins.
Preloading 0 native plugins for Editor in 0.00 ms.
Unloading 3641 Unused Serialized files (Serialized files now loaded: 0)
System memory in use before: 318.4 MB.
System memory in use after: 314.8 MB.

Unloading 61 unused Assets to reduce memory usage. Loaded Objects now: 4558.
Total: 5.426169 ms (FindLiveObjects: 0.426840 ms CreateObjectMapping: 0.252867 ms MarkObjects: 2.629416 ms  DeleteObjects: 2.115962 ms)

========================================================================
Received Prepare
Registering precompiled user dll's ...
Registered in 0.004036 seconds.
Begin MonoManager ReloadAssembly
Native extension for WindowsStandalone target not found
Native extension for OSXStandalone target not found
Refreshing native plugins compatible for Editor in 1.10 ms, found 2 plugins.
Preloading 0 native plugins for Editor in 0.00 ms.
Mono: successfully reloaded assembly
- Completed reload, in  1.377 seconds
Platform modules already initialized, skipping
Refreshing native plugins compatible for Editor in 1.67 ms, found 2 plugins.
Preloading 0 native plugins for Editor in 0.00 ms.
Unloading 3641 Unused Serialized files (Serialized files now loaded: 0)
System memory in use before: 318.7 MB.
System memory in use after: 315.1 MB.

Unloading 61 unused Assets to reduce memory usage. Loaded Objects now: 4562.
Total: 5.526266 ms (FindLiveObjects: 0.402675 ms CreateObjectMapping: 0.250278 ms MarkObjects: 2.752695 ms  DeleteObjects: 2.119719 ms)

========================================================================
Received Prepare
Registering precompiled user dll's ...
Registered in 0.004148 seconds.
Begin MonoManager ReloadAssembly
Native extension for WindowsStandalone target not found
Native extension for OSXStandalone target not found
Refreshing native plugins compatible for Editor in 0.89 ms, found 2 plugins.
Preloading 0 native plugins for Editor in 0.00 ms.
Mono: successfully reloaded assembly
- Completed reload, in  1.416 seconds
Platform modules already initialized, skipping
Refreshing native plugins compatible for Editor in 0.93 ms, found 2 plugins.
Preloading 0 native plugins for Editor in 0.00 ms.
Unloading 3641 Unused Serialized files (Serialized files now loaded: 0)
System memory in use before: 318.8 MB.
System memory in use after: 315.3 MB.

Unloading 61 unused Assets to reduce memory usage. Loaded Objects now: 4566.
Total: 6.271854 ms (FindLiveObjects: 0.428664 ms CreateObjectMapping: 0.267892 ms MarkObjects: 3.212967 ms  DeleteObjects: 2.360999 ms)

========================================================================
Received Prepare
Registering precompiled user dll's ...
Registered in 0.010303 seconds.
Begin MonoManager ReloadAssembly
Native extension for WindowsStandalone target not found
Native extension for OSXStandalone target not found
Refreshing native plugins compatible for Editor in 0.90 ms, found 2 plugins.
Preloading 0 native plugins for Editor in 0.00 ms.
Mono: successfully reloaded assembly
- Completed reload, in  1.803 seconds
Platform modules already initialized, skipping
Refreshing native plugins compatible for Editor in 1.01 ms, found 2 plugins.
Preloading 0 native plugins for Editor in 0.00 ms.
Unloading 3641 Unused Serialized files (Serialized files now loaded: 0)
System memory in use before: 319.1 MB.
System memory in use after: 315.5 MB.

Unloading 61 unused Assets to reduce memory usage. Loaded Objects now: 4570.
Total: 6.959199 ms (FindLiveObjects: 0.524219 ms CreateObjectMapping: 0.347300 ms MarkObjects: 3.283316 ms  DeleteObjects: 2.803286 ms)

========================================================================
Received Prepare
Registering precompiled user dll's ...
Registered in 0.002145 seconds.
Begin MonoManager ReloadAssembly
Native extension for WindowsStandalone target not found
Native extension for OSXStandalone target not found
Refreshing native plugins compatible for Editor in 0.85 ms, found 2 plugins.
Preloading 0 native plugins for Editor in 0.00 ms.
Mono: successfully reloaded assembly
- Completed reload, in  1.431 seconds
Platform modules already initialized, skipping
Refreshing native plugins compatible for Editor in 0.94 ms, found 2 plugins.
Preloading 0 native plugins for Editor in 0.00 ms.
Unloading 3641 Unused Serialized files (Serialized files now loaded: 0)
System memory in use before: 319.3 MB.
System memory in use after: 315.7 MB.

Unloading 61 unused Assets to reduce memory usage. Loaded Objects now: 4574.
Total: 5.301514 ms (FindLiveObjects: 0.387305 ms CreateObjectMapping: 0.212396 ms MarkObjects: 2.581181 ms  DeleteObjects: 2.119530 ms)

========================================================================
Received Prepare
Registering precompiled user dll's ...
Registered in 0.009418 seconds.
Begin MonoManager ReloadAssembly
Native extension for WindowsStandalone target not found
Native extension for OSXStandalone target not found
Refreshing native plugins compatible for Editor in 1.09 ms, found 2 plugins.
Preloading 0 native plugins for Editor in 0.00 ms.
Mono: successfully reloaded assembly
- Completed reload, in  1.876 seconds
Platform modules already initialized, skipping
Refreshing native plugins compatible for Editor in 1.29 ms, found 2 plugins.
Preloading 0 native plugins for Editor in 0.00 ms.
Unloading 3641 Unused Serialized files (Serialized files now loaded: 0)
System memory in use before: 319.6 MB.
System memory in use after: 316.1 MB.

Unloading 61 unused Assets to reduce memory usage. Loaded Objects now: 4578.
Total: 5.864635 ms (FindLiveObjects: 0.367744 ms CreateObjectMapping: 0.271438 ms MarkObjects: 3.050831 ms  DeleteObjects: 2.173617 ms)

